This file contains any messages produced by compilers while
running configure, to aid debugging if configure makes a mistake.

It was created by configure, which was
generated by GNU Autoconf 2.69.  Invocation command line was

  $ ./configure 

## --------- ##
## Platform. ##
## --------- ##

hostname = beauchamplabs-MacBook-Pro.local
uname -m = x86_64
uname -r = 19.0.0
uname -s = Darwin
uname -v = Darwin Kernel Version 19.0.0: Wed Sep 25 20:18:50 PDT 2019; root:xnu-6153.11.26~2/RELEASE_X86_64

/usr/bin/uname -p = i386
/bin/uname -X     = unknown

/bin/arch              = unknown
/usr/bin/arch -k       = unknown
/usr/convex/getsysinfo = unknown
/usr/bin/hostinfo      = Mach kernel version:
	 Darwin Kernel Version 19.0.0: Wed Sep 25 20:18:50 PDT 2019; root:xnu-6153.11.26~2/RELEASE_X86_64
Kernel configured for up to 8 processors.
4 processors are physically available.
8 processors are logically available.
Processor type: x86_64h (Intel x86-64h Haswell)
Processors active: 0 1 2 3 4 5 6 7
Primary memory available: 16.00 gigabytes
Default processor set: 376 tasks, 1938 threads, 8 processors
Load average: 2.67, Mach factor: 5.32
/bin/machine           = unknown
/usr/bin/oslevel       = unknown
/bin/universe          = unknown

PATH: /usr/bin
PATH: /bin
PATH: /usr/sbin
PATH: /sbin
PATH: /Users/beauchamplab/miniconda3/bin
PATH: /usr/local/bin
PATH: /Library/Apple/usr/bin
PATH: /Library/Apple/bin
PATH: /Library/TeX/texbin
PATH: /opt/X11/bin
PATH: /Users/beauchamplab/miniconda3/bin


## ----------- ##
## Core tests. ##
## ----------- ##

configure:1833: checking for gcc
configure:1860: result: clang
configure:2089: checking for C compiler version
configure:2098: clang --version >&5
Apple clang version 11.0.0 (clang-1100.0.33.8)
Target: x86_64-apple-darwin19.0.0
Thread model: posix
InstalledDir: /Applications/Xcode.app/Contents/Developer/Toolchains/XcodeDefault.xctoolchain/usr/bin
configure:2109: $? = 0
configure:2098: clang -v >&5
Apple clang version 11.0.0 (clang-1100.0.33.8)
Target: x86_64-apple-darwin19.0.0
Thread model: posix
InstalledDir: /Applications/Xcode.app/Contents/Developer/Toolchains/XcodeDefault.xctoolchain/usr/bin
configure:2109: $? = 0
configure:2098: clang -V >&5
clang: error: unsupported option '-V -Wno-framework-include-private-from-public'
clang: error: no input files
configure:2109: $? = 1
configure:2098: clang -qversion >&5
clang: error: unknown argument '-qversion', did you mean '--version'?
clang: error: no input files
configure:2109: $? = 1
configure:2129: checking whether the C compiler works
configure:2151: clang -Wall -g -O2   conftest.c  >&5
configure:2155: $? = 0
configure:2203: result: yes
configure:2206: checking for C compiler default output file name
configure:2208: result: a.out
configure:2214: checking for suffix of executables
configure:2221: clang -o conftest -Wall -g -O2   conftest.c  >&5
configure:2225: $? = 0
configure:2247: result: 
configure:2269: checking whether we are cross compiling
configure:2277: clang -o conftest -Wall -g -O2   conftest.c  >&5
configure:2281: $? = 0
configure:2288: ./conftest
configure:2292: $? = 0
configure:2307: result: no
configure:2312: checking for suffix of object files
configure:2334: clang -c -Wall -g -O2  conftest.c >&5
configure:2338: $? = 0
configure:2359: result: o
configure:2363: checking whether we are using the GNU C compiler
configure:2382: clang -c -Wall -g -O2  conftest.c >&5
configure:2382: $? = 0
configure:2391: result: yes
configure:2400: checking whether clang accepts -g
configure:2420: clang -c -g  conftest.c >&5
configure:2420: $? = 0
configure:2461: result: yes
configure:2478: checking for clang option to accept ISO C89
configure:2541: clang  -c -Wall -g -O2  conftest.c >&5
configure:2541: $? = 0
configure:2554: result: none needed
configure:2579: checking how to run the C preprocessor
configure:2649: result: clang -E
configure:2669: clang -E  conftest.c
configure:2669: $? = 0
configure:2683: clang -E  conftest.c
conftest.c:9:10: fatal error: 'ac_nonexistent.h' file not found
#include <ac_nonexistent.h>
         ^~~~~~~~~~~~~~~~~~
1 error generated.
configure:2683: $? = 1
configure: failed program was:
| /* confdefs.h */
| #define PACKAGE_NAME ""
| #define PACKAGE_TARNAME ""
| #define PACKAGE_VERSION ""
| #define PACKAGE_STRING ""
| #define PACKAGE_BUGREPORT ""
| #define PACKAGE_URL ""
| /* end confdefs.h.  */
| #include <ac_nonexistent.h>
configure:2759: checking for gcc
configure:2786: result: clang
configure:3015: checking for C compiler version
configure:3024: clang --version >&5
Apple clang version 11.0.0 (clang-1100.0.33.8)
Target: x86_64-apple-darwin19.0.0
Thread model: posix
InstalledDir: /Applications/Xcode.app/Contents/Developer/Toolchains/XcodeDefault.xctoolchain/usr/bin
configure:3035: $? = 0
configure:3024: clang -v >&5
Apple clang version 11.0.0 (clang-1100.0.33.8)
Target: x86_64-apple-darwin19.0.0
Thread model: posix
InstalledDir: /Applications/Xcode.app/Contents/Developer/Toolchains/XcodeDefault.xctoolchain/usr/bin
configure:3035: $? = 0
configure:3024: clang -V >&5
clang: error: unsupported option '-V -Wno-framework-include-private-from-public'
clang: error: no input files
configure:3035: $? = 1
configure:3024: clang -qversion >&5
clang: error: unknown argument '-qversion', did you mean '--version'?
clang: error: no input files
configure:3035: $? = 1
configure:3039: checking whether we are using the GNU C compiler
configure:3067: result: yes
configure:3076: checking whether clang accepts -g
configure:3137: result: yes
configure:3154: checking for clang option to accept ISO C89
configure:3230: result: none needed
configure:3307: checking for pkg-config
configure:3325: found /usr/local/bin/pkg-config
configure:3337: result: /usr/local/bin/pkg-config
configure:3362: checking pkg-config is at least version 0.9.0
configure:3365: result: yes
configure:3376: checking for FFTW
configure:3383: $PKG_CONFIG --exists --print-errors "fftw3"
configure:3386: $? = 0
configure:3399: $PKG_CONFIG --exists --print-errors "fftw3"
configure:3402: $? = 0
configure:3456: result: yes
configure:3621: creating ./config.status

## ---------------------- ##
## Running config.status. ##
## ---------------------- ##

This file was extended by config.status, which was
generated by GNU Autoconf 2.69.  Invocation command line was

  CONFIG_FILES    = 
  CONFIG_HEADERS  = 
  CONFIG_LINKS    = 
  CONFIG_COMMANDS = 
  $ ./config.status 

on beauchamplabs-MacBook-Pro.local

config.status:723: creating src/Makevars

## ---------------- ##
## Cache variables. ##
## ---------------- ##

ac_cv_c_compiler_gnu=yes
ac_cv_env_CC_set=
ac_cv_env_CC_value=
ac_cv_env_CFLAGS_set=
ac_cv_env_CFLAGS_value=
ac_cv_env_CPPFLAGS_set=
ac_cv_env_CPPFLAGS_value=
ac_cv_env_CPP_set=
ac_cv_env_CPP_value=
ac_cv_env_FFTW_CFLAGS_set=
ac_cv_env_FFTW_CFLAGS_value=
ac_cv_env_FFTW_LIBS_set=
ac_cv_env_FFTW_LIBS_value=
ac_cv_env_LDFLAGS_set=
ac_cv_env_LDFLAGS_value=
ac_cv_env_LIBS_set=
ac_cv_env_LIBS_value=
ac_cv_env_PKG_CONFIG_set=
ac_cv_env_PKG_CONFIG_value=
ac_cv_env_build_alias_set=
ac_cv_env_build_alias_value=
ac_cv_env_host_alias_set=
ac_cv_env_host_alias_value=
ac_cv_env_target_alias_set=
ac_cv_env_target_alias_value=
ac_cv_objext=o
ac_cv_path_ac_pt_PKG_CONFIG=/usr/local/bin/pkg-config
ac_cv_prog_CPP='clang -E'
ac_cv_prog_ac_ct_CC=clang
ac_cv_prog_cc_c89=
ac_cv_prog_cc_g=yes
pkg_cv_FFTW_CFLAGS=-I/usr/local/Cellar/fftw/3.3.8_1/include
pkg_cv_FFTW_LIBS='-L/usr/local/Cellar/fftw/3.3.8_1/lib -lfftw3'

## ----------------- ##
## Output variables. ##
## ----------------- ##

CC='clang'
CFLAGS='-Wall -g -O2'
CPP='clang -E'
CPPFLAGS=''
CXXFLAGS='-Wall -g -O2'
DEFS='-DPACKAGE_NAME=\"\" -DPACKAGE_TARNAME=\"\" -DPACKAGE_VERSION=\"\" -DPACKAGE_STRING=\"\" -DPACKAGE_BUGREPORT=\"\" -DPACKAGE_URL=\"\"'
ECHO_C='\c'
ECHO_N=''
ECHO_T=''
EXEEXT=''
FFTW_CFLAGS='-I/usr/local/Cellar/fftw/3.3.8_1/include'
FFTW_LIBS='-L/usr/local/Cellar/fftw/3.3.8_1/lib -lfftw3'
LDFLAGS=''
LIBOBJS=''
LIBS=''
LTLIBOBJS=''
OBJEXT='o'
PACKAGE_BUGREPORT=''
PACKAGE_NAME=''
PACKAGE_STRING=''
PACKAGE_TARNAME=''
PACKAGE_URL=''
PACKAGE_VERSION=''
PATH_SEPARATOR=':'
PKG_CONFIG='/usr/local/bin/pkg-config'
SHELL='/bin/sh'
ac_ct_CC='clang'
bindir='${exec_prefix}/bin'
build_alias=''
datadir='${datarootdir}'
datarootdir='${prefix}/share'
docdir='${datarootdir}/doc/${PACKAGE}'
dvidir='${docdir}'
exec_prefix='${prefix}'
host_alias=''
htmldir='${docdir}'
includedir='${prefix}/include'
infodir='${datarootdir}/info'
libdir='${exec_prefix}/lib'
libexecdir='${exec_prefix}/libexec'
localedir='${datarootdir}/locale'
localstatedir='${prefix}/var'
mandir='${datarootdir}/man'
oldincludedir='/usr/include'
pdfdir='${docdir}'
prefix='/usr/local'
program_transform_name='s,x,x,'
psdir='${docdir}'
sbindir='${exec_prefix}/sbin'
sharedstatedir='${prefix}/com'
sysconfdir='${prefix}/etc'
target_alias=''

## ----------- ##
## confdefs.h. ##
## ----------- ##

/* confdefs.h */
#define PACKAGE_NAME ""
#define PACKAGE_TARNAME ""
#define PACKAGE_VERSION ""
#define PACKAGE_STRING ""
#define PACKAGE_BUGREPORT ""
#define PACKAGE_URL ""

configure: exit 0
